<?xml version="1.0" encoding="UTF-8"?>
<!-- Generated by org.testng.reporters.JUnitReportReporter -->
<testsuite skipped="0" hostname="DESKTOP-6NOFB2P" name="com.DomibusGUI.TC_001" tests="1" failures="0" timestamp="15 Aug 2017 09:45:58 GMT" time="35.861" errors="0">
  <testcase name="tc_002" time="35.861" classname="com.DomibusGUI.TC_001"/>
</testsuite> <!-- com.DomibusGUI.TC_001 -->
