<?xml version="1.0" encoding="UTF-8"?>
<!-- Generated by org.testng.reporters.JUnitReportReporter -->
<testsuite skipped="0" hostname="DESKTOP-6NOFB2P" name="com.DomibusGUI.TestDomibus" tests="1" failures="0" timestamp="15 Aug 2017 15:42:18 GMT" time="55.475" errors="0">
  <testcase name="tc_001" time="55.475" classname="com.DomibusGUI.TestDomibus"/>
</testsuite> <!-- com.DomibusGUI.TestDomibus -->
