<?xml version="1.0" encoding="UTF-8"?>
<!-- Generated by org.testng.reporters.JUnitReportReporter -->
<testsuite skipped="0" hostname="DESKTOP-6NOFB2P" name="com.domGUI.com.Domibus.GUI.TestDomibus" tests="1" failures="0" timestamp="19 Jul 2017 07:43:08 GMT" time="0.804" errors="0">
  <testcase name="tc_01" time="0.804" classname="com.domGUI.com.Domibus.GUI.TestDomibus"/>
</testsuite> <!-- com.domGUI.com.Domibus.GUI.TestDomibus -->
